<?xml version="1.0" encoding="UTF-8"?>
<!-- Generated by org.testng.reporters.JUnitReportReporter -->
<testsuite hostname="Affans-MBP" failures="0" tests="1" name="testNgPackage.BeforeAfter" time="13.482" errors="0" timestamp="2023-12-26T14:58:58 EST" skipped="0">
  <testcase classname="testNgPackage.BeforeAfter" name="performLogin" time="13.482"/>
  <system-out/>
</testsuite> <!-- testNgPackage.BeforeAfter -->
