<?xml version="1.0" encoding="UTF-8"?>
<!-- Generated by org.testng.reporters.JUnitReportReporter -->
<testsuite hostname="Affans-MBP" failures="0" tests="3" name="testNgPackage.DataProviderClasss" time="77.578" errors="0" timestamp="2023-12-27T12:47:26 EST" skipped="0">
  <testcase classname="testNgPackage.DataProviderClasss" name="checking" time="33.427"/>
  <system-out/>
  <testcase classname="testNgPackage.DataProviderClasss" name="checking" time="23.798"/>
  <system-out/>
  <testcase classname="testNgPackage.DataProviderClasss" name="checking" time="20.353"/>
  <system-out/>
</testsuite> <!-- testNgPackage.DataProviderClasss -->
