<?xml version="1.0" encoding="UTF-8"?>
<!-- Generated by org.testng.reporters.JUnitReportReporter -->
<testsuite hostname="Affans-MBP" failures="0" tests="1" name="testNgPackage.NewTest" time="0.026" errors="0" timestamp="2023-12-20T14:37:34 EST" skipped="0">
  <testcase classname="testNgPackage.NewTest" name="f" time="0.026"/>
  <system-out/>
</testsuite> <!-- testNgPackage.NewTest -->
