<?xml version="1.0" encoding="UTF-8"?>
<!-- Generated by org.testng.reporters.JUnitReportReporter -->
<testsuite hostname="Affans-MBP" failures="0" tests="3" name="testNgPackage.ParotyClsss" time="166.603" errors="0" timestamp="2023-12-26T14:29:22 EST" skipped="0">
  <testcase classname="testNgPackage.ParotyClsss" name="openingCnbcSite" time="58.144"/>
  <system-out/>
  <testcase classname="testNgPackage.ParotyClsss" name="openingYahooSite" time="98.554"/>
  <system-out/>
  <testcase classname="testNgPackage.ParotyClsss" name="openingAmazonSite" time="9.905"/>
  <system-out/>
</testsuite> <!-- testNgPackage.ParotyClsss -->
